#
# A fatal error has been detected by the Java Runtime Environment:
#
#  EXCEPTION_ACCESS_VIOLATION (0xc0000005) at pc=0x000000006855f445, pid=25556, tid=0x0000000000005f54
#
# JRE version: Java(TM) SE Runtime Environment (8.0_251-b08) (build 1.8.0_251-b08)
# Java VM: Java HotSpot(TM) 64-Bit Server VM (25.251-b08 mixed mode windows-amd64 compressed oops)
# Problematic frame:
# V  [jvm.dll+0xff445]
#
# Failed to write core dump. Minidumps are not enabled by default on client versions of Windows
#
# If you would like to submit a bug report, please visit:
#   http://bugreport.java.com/bugreport/crash.jsp
#

---------------  T H R E A D  ---------------

Current thread (0x000000001c2aa000):  VMThread [stack: 0x000000001df70000,0x000000001e070000] [id=24404]

siginfo: ExceptionCode=0xc0000005, reading address 0x0000000000000008

Registers:
RAX=0x0000000000000000, RBX=0x000000001bd3f778, RCX=0x0000000000000000, RDX=0x0000000000000000
RSP=0x000000001e06f310, RBP=0x000000000000001b, RSI=0x0000000068c7b040, RDI=0x000000001e06f5f0
R8 =0x0000000000000000, R9 =0x000000001bd3f778, R10=0x0000000000004e2d, R11=0x000000001bd3fb43
R12=0x0000000000000001, R13=0x0000000000000001, R14=0x00000000000003d8, R15=0x000000001e06f410
RIP=0x000000006855f445, EFLAGS=0x0000000000010206

Top of Stack: (sp=0x000000001e06f310)
0x000000001e06f310:   000000000262f5f0 00000000028f08da
0x000000001e06f320:   000000000000000f 0000000068560199
0x000000001e06f330:   000000001e06f508 000000001bd3fba0
0x000000001e06f340:   000000001e06f5f0 000000001c2aa000
0x000000001e06f350:   000098a302e4a899 000000006855fa42
0x000000001e06f360:   000000001e06f420 0000000000000001
0x000000001e06f370:   000000001e06f430 000000001e06f5f0
0x000000001e06f380:   000000001e06f460 0000000068562670
0x000000001e06f390:   000000000000001b 000000000000001b
0x000000001e06f3a0:   0000000000000023 000000006855f8c6
0x000000001e06f3b0:   000000000000001b 000000001e06f460
0x000000001e06f3c0:   000000001e06f420 0000000000000023
0x000000001e06f3d0:   000000001bd3fba0 00000000685631cf
0x000000001e06f3e0:   000000001e06f5f0 000000001e06f460
0x000000001e06f3f0:   000000001c135a50 000000001bd3fba0
0x000000001e06f400:   0000000000000002 0000000000000000 

Instructions: (pc=0x000000006855f445)
0x000000006855f425:   8b d2 e8 54 7f ff ff 48 8b cb 8b d0 e8 5a 78 ff
0x000000006855f435:   ff 48 8d 35 03 bc 71 00 48 63 c8 48 8b 44 cb 50
0x000000006855f445:   0f b6 48 08 8b 05 d5 bb 71 00 80 f9 4c 74 2b 80
0x000000006855f455:   f9 5b 74 26 80 f9 4a 74 18 80 f9 44 74 13 48 8d 


Register to memory mapping:

RAX=0x0000000000000000 is an unknown value
RBX=0x000000001bd3f778 is pointing into metadata
RCX=0x0000000000000000 is an unknown value
RDX=0x0000000000000000 is an unknown value
RSP=0x000000001e06f310 is an unknown value
RBP=0x000000000000001b is an unknown value
RSI=0x0000000068c7b040 is an unknown value
RDI=0x000000001e06f5f0 is an unknown value
R8 =0x0000000000000000 is an unknown value
R9 =0x000000001bd3f778 is pointing into metadata
R10=0x0000000000004e2d is an unknown value
R11=0x000000001bd3fb43 is pointing into metadata
R12=0x0000000000000001 is an unknown value
R13=0x0000000000000001 is an unknown value
R14=0x00000000000003d8 is an unknown value
R15=0x000000001e06f410 is an unknown value


Stack: [0x000000001df70000,0x000000001e070000],  sp=0x000000001e06f310,  free space=1020k
Native frames: (J=compiled Java code, j=interpreted, Vv=VM code, C=native code)
V  [jvm.dll+0xff445]
V  [jvm.dll+0x102670]
V  [jvm.dll+0x1031cf]
V  [jvm.dll+0x103a15]
V  [jvm.dll+0x103c62]
V  [jvm.dll+0xc51de]
V  [jvm.dll+0xc5868]
V  [jvm.dll+0xc599a]
V  [jvm.dll+0xc5b98]
V  [jvm.dll+0x10fb2a]
V  [jvm.dll+0x12d4cf]
V  [jvm.dll+0x1bf56f]
V  [jvm.dll+0x24d757]
V  [jvm.dll+0x24c9f6]
V  [jvm.dll+0x24ce91]
V  [jvm.dll+0x24d0ae]
V  [jvm.dll+0x2a001a]
C  [msvcr100.dll+0x21d9f]
C  [msvcr100.dll+0x21e3b]
C  [KERNEL32.DLL+0x17bd4]
C  [ntdll.dll+0x6ce51]

VM_Operation (0x000000001edbf500): GetOrSetLocal, mode: safepoint, requested by thread 0x000000001e0b2800


---------------  P R O C E S S  ---------------

Java Threads: ( => current thread )
  0x000000001f5c5800 JavaThread "ReaderThread" [_thread_in_native, id=22060, stack(0x000000001fdc0000,0x000000001fec0000)]
  0x000000001e43a000 JavaThread "Service Thread" daemon [_thread_blocked, id=23472, stack(0x000000001f3c0000,0x000000001f4c0000)]
  0x000000001e38c800 JavaThread "C1 CompilerThread3" daemon [_thread_blocked, id=25944, stack(0x000000001f2c0000,0x000000001f3c0000)]
  0x000000001e383800 JavaThread "C2 CompilerThread2" daemon [_thread_blocked, id=6888, stack(0x000000001f1c0000,0x000000001f2c0000)]
  0x000000001e381000 JavaThread "C2 CompilerThread1" daemon [_thread_blocked, id=22628, stack(0x000000001f0c0000,0x000000001f1c0000)]
  0x000000001e379800 JavaThread "C2 CompilerThread0" daemon [_thread_blocked, id=25772, stack(0x000000001efc0000,0x000000001f0c0000)]
  0x000000001e0be800 JavaThread "JDWP Command Reader" daemon [_thread_in_native, id=29068, stack(0x000000001eec0000,0x000000001efc0000)]
  0x000000001e0bd800 JavaThread "JDWP Event Helper Thread" daemon [_thread_blocked, id=19356, stack(0x000000001edc0000,0x000000001eec0000)]
  0x000000001e0b2800 JavaThread "JDWP Transport Listener: dt_socket" daemon [_thread_blocked, id=17172, stack(0x000000001ecc0000,0x000000001edc0000)]
  0x000000001e0ae000 JavaThread "Attach Listener" daemon [_thread_blocked, id=1728, stack(0x000000001e880000,0x000000001e980000)]
  0x000000001e0ab000 JavaThread "Signal Dispatcher" daemon [_thread_blocked, id=14548, stack(0x000000001e780000,0x000000001e880000)]
  0x00000000028ea000 JavaThread "Finalizer" daemon [_thread_blocked, id=15040, stack(0x000000001e570000,0x000000001e670000)]
  0x000000001e090800 JavaThread "Reference Handler" daemon [_thread_blocked, id=9484, stack(0x000000001e470000,0x000000001e570000)]
  0x00000000027f4800 JavaThread "main" [_thread_blocked, id=27848, stack(0x0000000002530000,0x0000000002630000)]

Other Threads:
=>0x000000001c2aa000 VMThread [stack: 0x000000001df70000,0x000000001e070000] [id=24404]
  0x000000001e37a000 WatcherThread [stack: 0x000000001fcc0000,0x000000001fdc0000] [id=11056]

VM state:at safepoint (normal execution)

VM Mutex/Monitor currently owned by a thread:  ([mutex/lock_event])
[0x00000000027f1dd0] Threads_lock - owner thread: 0x000000001c2aa000

heap address: 0x00000006c2e00000, size: 4050 MB, Compressed Oops mode: Zero based, Oop shift amount: 3
Narrow klass base: 0x0000000000000000, Narrow klass shift: 3
Compressed class space size: 1073741824 Address: 0x00000007c0000000

Heap:
 PSYoungGen      total 75776K, used 36629K [0x000000076ba00000, 0x0000000770e80000, 0x00000007c0000000)
  eden space 65024K, 56% used [0x000000076ba00000,0x000000076ddc5600,0x000000076f980000)
  from space 10752K, 0% used [0x0000000770400000,0x0000000770400000,0x0000000770e80000)
  to   space 10752K, 0% used [0x000000076f980000,0x000000076f980000,0x0000000770400000)
 ParOldGen       total 173568K, used 0K [0x00000006c2e00000, 0x00000006cd780000, 0x000000076ba00000)
  object space 173568K, 0% used [0x00000006c2e00000,0x00000006c2e00000,0x00000006cd780000)
 Metaspace       used 8075K, capacity 8260K, committed 8448K, reserved 1056768K
  class space    used 895K, capacity 918K, committed 1024K, reserved 1048576K

Card table byte_map: [0x0000000011cb0000,0x00000000124a0000] byte_map_base: 0x000000000e699000

Marking Bits: (ParMarkBitMap*) 0x0000000068c8af90
 Begin Bits: [0x00000000131f0000, 0x0000000017138000)
 End Bits:   [0x0000000017138000, 0x000000001b080000)

Polling page: 0x0000000002510000

CodeCache: size=245760Kb used=2657Kb max_used=2672Kb free=243102Kb
 bounds [0x00000000028f0000, 0x0000000002b90000, 0x00000000118f0000]
 total_blobs=820 nmethods=505 adapters=236
 compilation: enabled

Compilation events (10 events):
Event: 13.002 Thread 0x000000001e38c800  501       3       java.util.LinkedHashMap$LinkedHashIterator::nextNode (54 bytes)
Event: 13.003 Thread 0x000000001e38c800 nmethod 501 0x0000000002b834d0 code [0x0000000002b83660, 0x0000000002b839d8]
Event: 13.003 Thread 0x000000001e38c800  502       1       java.util.HashMap$Node::getValue (5 bytes)
Event: 13.003 Thread 0x000000001e38c800 nmethod 502 0x0000000002b83210 code [0x0000000002b83360, 0x0000000002b83470]
Event: 13.079 Thread 0x000000001e38c800  503       1       java.util.HashMap$Node::getKey (5 bytes)
Event: 13.079 Thread 0x000000001e38c800 nmethod 503 0x0000000002b82f50 code [0x0000000002b830a0, 0x0000000002b831b0]
Event: 13.541 Thread 0x000000001e38c800  504       3       java.lang.String::valueOf (14 bytes)
Event: 13.542 Thread 0x000000001e38c800 nmethod 504 0x0000000002b82ad0 code [0x0000000002b82c40, 0x0000000002b82ea8]
Event: 1037.730 Thread 0x000000001e381000  505       4       org.eclipse.jdt.launching.internal.org.objectweb.asm.ByteVector::encodeUtf8 (337 bytes)
Event: 1037.755 Thread 0x000000001e381000 nmethod 505 0x0000000002b8d150 code [0x0000000002b8d2c0, 0x0000000002b8df38]

GC Heap History (0 events):
No events

Deoptimization events (2 events):
Event: 0.543 Thread 0x00000000027f4800 Uncommon trap: reason=unstable_if action=reinterpret pc=0x0000000002ae9a3c method=sun.misc.URLClassPath.getLoader(I)Lsun/misc/URLClassPath$Loader; @ 36
Event: 0.548 Thread 0x00000000027f4800 Uncommon trap: reason=unstable_if action=reinterpret pc=0x0000000002a8fab0 method=org.eclipse.jdt.launching.internal.org.objectweb.asm.ClassReader.readUtf(II[C)Ljava/lang/String; @ 41

Classes redefined (10 events):
Event: 3393.092 Thread 0x000000001c2aa000 redefined class name=rest.core.LoadEnv, count=10
Event: 3408.171 Thread 0x000000001c2aa000 redefined class name=rest.core.LoadEnv, count=11
Event: 3410.851 Thread 0x000000001c2aa000 redefined class name=rest.core.LoadEnv, count=12
Event: 3775.591 Thread 0x000000001c2aa000 redefined class name=rest.core.LoadEnv, count=13
Event: 4239.633 Thread 0x000000001c2aa000 redefined class name=rest.core.LoadEnv, count=14
Event: 4240.655 Thread 0x000000001c2aa000 redefined class name=rest.core.LoadEnv, count=15
Event: 4479.742 Thread 0x000000001c2aa000 redefined class name=rest.core.LoadEnv, count=16
Event: 4555.671 Thread 0x000000001c2aa000 redefined class name=rest.core.LoadEnv, count=17
Event: 4579.529 Thread 0x000000001c2aa000 redefined class name=rest.core.LoadEnv, count=18
Event: 5138.892 Thread 0x000000001c2aa000 redefined class name=rest.core.LoadEnv, count=19

Internal exceptions (10 events):
Event: 0.246 Thread 0x00000000027f4800 Exception <a 'java/security/PrivilegedActionException'> (0x000000076c32cd50) thrown at [C:\jenkins\workspace\8-2-build-windows-amd64-cygwin\jdk8u251\737\hotspot\src\share\vm\prims\jvm.cpp, line 1502]
Event: 0.246 Thread 0x00000000027f4800 Exception <a 'java/security/PrivilegedActionException'> (0x000000076c32cf60) thrown at [C:\jenkins\workspace\8-2-build-windows-amd64-cygwin\jdk8u251\737\hotspot\src\share\vm\prims\jvm.cpp, line 1502]
Event: 0.247 Thread 0x00000000027f4800 Exception <a 'java/security/PrivilegedActionException'> (0x000000076c32e280) thrown at [C:\jenkins\workspace\8-2-build-windows-amd64-cygwin\jdk8u251\737\hotspot\src\share\vm\prims\jvm.cpp, line 1502]
Event: 0.247 Thread 0x00000000027f4800 Exception <a 'java/security/PrivilegedActionException'> (0x000000076c32e490) thrown at [C:\jenkins\workspace\8-2-build-windows-amd64-cygwin\jdk8u251\737\hotspot\src\share\vm\prims\jvm.cpp, line 1502]
Event: 0.247 Thread 0x00000000027f4800 Exception <a 'java/security/PrivilegedActionException'> (0x000000076c32f6c8) thrown at [C:\jenkins\workspace\8-2-build-windows-amd64-cygwin\jdk8u251\737\hotspot\src\share\vm\prims\jvm.cpp, line 1502]
Event: 0.247 Thread 0x00000000027f4800 Exception <a 'java/security/PrivilegedActionException'> (0x000000076c32f8d8) thrown at [C:\jenkins\workspace\8-2-build-windows-amd64-cygwin\jdk8u251\737\hotspot\src\share\vm\prims\jvm.cpp, line 1502]
Event: 0.543 Thread 0x00000000027f4800 Exception <a 'java/security/PrivilegedActionException'> (0x000000076d10ff00) thrown at [C:\jenkins\workspace\8-2-build-windows-amd64-cygwin\jdk8u251\737\hotspot\src\share\vm\prims\jvm.cpp, line 1502]
Event: 0.543 Thread 0x00000000027f4800 Exception <a 'java/security/PrivilegedActionException'> (0x000000076d1102f8) thrown at [C:\jenkins\workspace\8-2-build-windows-amd64-cygwin\jdk8u251\737\hotspot\src\share\vm\prims\jvm.cpp, line 1502]
Event: 0.544 Thread 0x00000000027f4800 Exception <a 'java/security/PrivilegedActionException'> (0x000000076d114658) thrown at [C:\jenkins\workspace\8-2-build-windows-amd64-cygwin\jdk8u251\737\hotspot\src\share\vm\prims\jvm.cpp, line 1502]
Event: 0.544 Thread 0x00000000027f4800 Exception <a 'java/security/PrivilegedActionException'> (0x000000076d114a50) thrown at [C:\jenkins\workspace\8-2-build-windows-amd64-cygwin\jdk8u251\737\hotspot\src\share\vm\prims\jvm.cpp, line 1502]

Events (10 events):
Event: 4579.642 Executing VM operation: GetOrSetLocal done
Event: 5138.888 Executing VM operation: RedefineClasses
Event: 5138.892 Executing VM operation: RedefineClasses done
Event: 5138.897 Executing VM operation: ChangeBreakpoints
Event: 5138.898 Executing VM operation: ChangeBreakpoints done
Event: 5138.975 Executing VM operation: GetOwnedMonitorInfo
Event: 5138.975 Executing VM operation: GetOwnedMonitorInfo done
Event: 5138.975 Executing VM operation: GetCurrentContendedMonitor
Event: 5138.975 Executing VM operation: GetCurrentContendedMonitor done
Event: 5139.000 Executing VM operation: GetOrSetLocal


Dynamic libraries:
0x00007ff7a1de0000 - 0x00007ff7a1e17000 	C:\Program Files\Java\jdk1.8.0_251\bin\javaw.exe
0x00007ffc9d720000 - 0x00007ffc9d910000 	C:\Windows\SYSTEM32\ntdll.dll
0x00007ffc9b880000 - 0x00007ffc9b932000 	C:\Windows\System32\KERNEL32.DLL
0x00007ffc9aa00000 - 0x00007ffc9aca5000 	C:\Windows\System32\KERNELBASE.dll
0x00007ffc98670000 - 0x00007ffc986ff000 	C:\Windows\SYSTEM32\apphelp.dll
0x00007ffc9b940000 - 0x00007ffc9b9e3000 	C:\Windows\System32\ADVAPI32.dll
0x00007ffc9bac0000 - 0x00007ffc9bb5e000 	C:\Windows\System32\msvcrt.dll
0x00007ffc9cc90000 - 0x00007ffc9cd27000 	C:\Windows\System32\sechost.dll
0x00007ffc9d5c0000 - 0x00007ffc9d6e0000 	C:\Windows\System32\RPCRT4.dll
0x00007ffc9cd30000 - 0x00007ffc9cec5000 	C:\Windows\System32\USER32.dll
0x00007ffc9a9d0000 - 0x00007ffc9a9f1000 	C:\Windows\System32\win32u.dll
0x00007ffc9b7d0000 - 0x00007ffc9b7f6000 	C:\Windows\System32\GDI32.dll
0x00007ffc9a830000 - 0x00007ffc9a9c6000 	C:\Windows\System32\gdi32full.dll
0x00007ffc9a6b0000 - 0x00007ffc9a74e000 	C:\Windows\System32\msvcp_win.dll
0x00007ffc9ad00000 - 0x00007ffc9adfa000 	C:\Windows\System32\ucrtbase.dll
0x00007ffc8a280000 - 0x00007ffc8a504000 	C:\Windows\WinSxS\amd64_microsoft.windows.common-controls_6595b64144ccf1df_6.0.18362.1082_none_9e8193e1e45b25c1\COMCTL32.dll
0x00007ffc9d060000 - 0x00007ffc9d395000 	C:\Windows\System32\combase.dll
0x00007ffc9a750000 - 0x00007ffc9a7d0000 	C:\Windows\System32\bcryptPrimitives.dll
0x00007ffc9d3c0000 - 0x00007ffc9d3ee000 	C:\Windows\System32\IMM32.DLL
0x0000000068e40000 - 0x0000000068f12000 	C:\Program Files\Java\jdk1.8.0_251\jre\bin\msvcr100.dll
0x0000000068460000 - 0x0000000068d0b000 	C:\Program Files\Java\jdk1.8.0_251\jre\bin\server\jvm.dll
0x00007ffc9d470000 - 0x00007ffc9d478000 	C:\Windows\System32\PSAPI.DLL
0x00007ffc8d600000 - 0x00007ffc8d60a000 	C:\Windows\SYSTEM32\VERSION.dll
0x00007ffc81a80000 - 0x00007ffc81a89000 	C:\Windows\SYSTEM32\WSOCK32.dll
0x00007ffc97740000 - 0x00007ffc97764000 	C:\Windows\SYSTEM32\WINMM.dll
0x00007ffc9cff0000 - 0x00007ffc9d05f000 	C:\Windows\System32\WS2_32.dll
0x00007ffc97710000 - 0x00007ffc9773d000 	C:\Windows\SYSTEM32\winmmbase.dll
0x00007ffc9b630000 - 0x00007ffc9b67a000 	C:\Windows\System32\cfgmgr32.dll
0x00007ffc96fc0000 - 0x00007ffc96fcf000 	C:\Program Files\Java\jdk1.8.0_251\jre\bin\verify.dll
0x00007ffc8a250000 - 0x00007ffc8a279000 	C:\Program Files\Java\jdk1.8.0_251\jre\bin\java.dll
0x00007ffc8d160000 - 0x00007ffc8d195000 	C:\Program Files\Java\jdk1.8.0_251\jre\bin\jdwp.dll
0x00007ffc969c0000 - 0x00007ffc969c8000 	C:\Program Files\Java\jdk1.8.0_251\jre\bin\npt.dll
0x00007ffc89ae0000 - 0x00007ffc89b03000 	C:\Program Files\Java\jdk1.8.0_251\jre\bin\instrument.dll
0x00007ffc8d0f0000 - 0x00007ffc8d106000 	C:\Program Files\Java\jdk1.8.0_251\jre\bin\zip.dll
0x00007ffc9c420000 - 0x00007ffc9cb07000 	C:\Windows\System32\SHELL32.dll
0x00007ffc9ced0000 - 0x00007ffc9cf79000 	C:\Windows\System32\shcore.dll
0x00007ffc9ae00000 - 0x00007ffc9b580000 	C:\Windows\System32\windows.storage.dll
0x00007ffc9a680000 - 0x00007ffc9a6a3000 	C:\Windows\System32\profapi.dll
0x00007ffc9a5f0000 - 0x00007ffc9a63a000 	C:\Windows\System32\powrprof.dll
0x00007ffc9a5e0000 - 0x00007ffc9a5f0000 	C:\Windows\System32\UMPDC.dll
0x00007ffc9c0a0000 - 0x00007ffc9c0f2000 	C:\Windows\System32\shlwapi.dll
0x00007ffc9a640000 - 0x00007ffc9a651000 	C:\Windows\System32\kernel.appcore.dll
0x00007ffc9ace0000 - 0x00007ffc9acf7000 	C:\Windows\System32\cryptsp.dll
0x00007ffc8a230000 - 0x00007ffc8a239000 	C:\Program Files\Java\jdk1.8.0_251\jre\bin\dt_socket.dll
0x00007ffc8cff0000 - 0x00007ffc8d006000 	C:\Windows\system32\napinsp.dll
0x00007ffc8cfd0000 - 0x00007ffc8cfea000 	C:\Windows\system32\pnrpnsp.dll
0x00007ffc99e30000 - 0x00007ffc99e97000 	C:\Windows\System32\mswsock.dll
0x00007ffc99b80000 - 0x00007ffc99c4b000 	C:\Windows\SYSTEM32\DNSAPI.dll
0x00007ffc9cf80000 - 0x00007ffc9cf88000 	C:\Windows\System32\NSI.dll
0x00007ffc99b40000 - 0x00007ffc99b7a000 	C:\Windows\SYSTEM32\IPHLPAPI.DLL
0x00007ffc8cfc0000 - 0x00007ffc8cfce000 	C:\Windows\System32\winrnr.dll
0x00007ffc96860000 - 0x00007ffc9687c000 	C:\Windows\system32\NLAapi.dll
0x00007ffc95e40000 - 0x00007ffc95e55000 	C:\Windows\system32\wshbth.dll
0x00007ffc8d7b0000 - 0x00007ffc8d827000 	C:\Windows\System32\fwpuclnt.dll
0x00007ffc9acb0000 - 0x00007ffc9acd6000 	C:\Windows\System32\bcrypt.dll
0x00007ffc91210000 - 0x00007ffc9121a000 	C:\Windows\System32\rasadhlp.dll
0x00007ffc89130000 - 0x00007ffc8914a000 	C:\Program Files\Java\jdk1.8.0_251\jre\bin\net.dll
0x00007ffc7ecd0000 - 0x00007ffc7eec4000 	C:\Windows\SYSTEM32\dbghelp.dll

VM Arguments:
jvm_args: -agentlib:jdwp=transport=dt_socket,suspend=y,address=localhost:60312 -ea -javaagent:C:\Users\Zupper\eclipse\jee-2020-09\eclipse\configuration\org.eclipse.osgi\406\0\.cp\lib\javaagent-shaded.jar -Dfile.encoding=UTF-8 
java_command: org.eclipse.jdt.internal.junit.runner.RemoteTestRunner -version 3 -port 60311 -testLoaderClass org.eclipse.jdt.internal.junit4.runner.JUnit4TestLoader -loaderpluginname org.eclipse.jdt.junit4.runtime -classNames rest.core.LoadEnv
java_class_path (initial): C:\Users\Zupper\Documents\RestAssured\Test-Api-Rest-Assured\target\test-classes;C:\Users\Zupper\Documents\RestAssured\Test-Api-Rest-Assured\target\classes;C:\Users\Zupper\.m2\repository\io\rest-assured\rest-assured\4.0.0\rest-assured-4.0.0.jar;C:\Users\Zupper\.m2\repository\org\codehaus\groovy\groovy\2.5.6\groovy-2.5.6.jar;C:\Users\Zupper\.m2\repository\org\codehaus\groovy\groovy-xml\2.5.6\groovy-xml-2.5.6.jar;C:\Users\Zupper\.m2\repository\org\apache\httpcomponents\httpclient\4.5.3\httpclient-4.5.3.jar;C:\Users\Zupper\.m2\repository\org\apache\httpcomponents\httpcore\4.4.6\httpcore-4.4.6.jar;C:\Users\Zupper\.m2\repository\commons-logging\commons-logging\1.2\commons-logging-1.2.jar;C:\Users\Zupper\.m2\repository\commons-codec\commons-codec\1.9\commons-codec-1.9.jar;C:\Users\Zupper\.m2\repository\org\apache\httpcomponents\httpmime\4.5.3\httpmime-4.5.3.jar;C:\Users\Zupper\.m2\repository\org\hamcrest\hamcrest-core\2.1\hamcrest-core-2.1.jar;C:\Users\Zupper\.m2\repository\org\hamcrest\hamcrest\2.1\hamcrest-2.1.jar;C:\Users\Zupper\.m2\repository\org\hamcrest\hamcrest-library\2.1\hamcrest-library-2.1.jar;C:\Users\Zupper\.m2\repository\org\ccil\cowan\tagsoup\tagsoup\1.2.1\tagsoup-1.2.1.jar;C:\Users\Zupper\.m2\repository\io\rest-assured\json-path\4.0.0\json-path-4.0.0.jar;C:\Users\Zupper\.m2\repository\org\codehaus\groovy\groovy-json\2.5.6\groovy-json-2.5.6.jar;C:\Users\Zupper\.m2\repository\io\rest-assured\rest-assured-common\4.0.0\rest-assured-common-4.0.0.jar;C:\Users\Zupper\.m2\repository\io\rest-assured\xml-path\4.0.0\xml-path-4.0.0.jar;C:\Users\Zupper\.m2\repository\org\apache\commons\commons-lang3\3.4\commons-lang3-3.4.jar;C:\Users\Zupper\.m2\repository\javax\xml\bind\jaxb-api\2.2.12\jaxb-api-2.2.12.jar;C:\Users\Zupper\.m2\repository\com\sun\xml\bind\jaxb-osgi\2.2.10\jaxb-osgi-2.2.10.jar;C:\Users\Zupper\.m2\repository\org\apache\sling\org.apache.sling.javax.activation\0.1.0\org.apache.sling.javax.activation-0.1.0.jar;C:\Users\Zupper\.m2\re
Launcher Type: SUN_STANDARD

Environment Variables:
PATH=C:\Program Files\Java\jdk1.8.0_251\jre\bin;C:/Users/Zupper/.p2/pool/plugins/org.eclipse.justj.openjdk.hotspot.jre.full.win32.x86_64_14.0.2.v20200815-0932/jre/bin/server;C:/Users/Zupper/.p2/pool/plugins/org.eclipse.justj.openjdk.hotspot.jre.full.win32.x86_64_14.0.2.v20200815-0932/jre/bin;C:\Program Files (x86)\Common Files\Oracle\Java\javapath;C:\Windows\system32;C:\Windows;C:\Windows\System32\Wbem;C:\Windows\System32\WindowsPowerShell\v1.0\;C:\Windows\System32\OpenSSH\;C:\Program Files\Git\cmd;C:\Program Files\nodejs;C:\Program Files\Git\cmd;C:\Python27\;C:\Python27\Scripts;C:\Program Files\nodejs\;C:\Program Files\Git\bin;C:\Program Files\Java\jdk1.8.0_251\bin;C:\Program Files (x86)\MSBuild\14.0\Bin;C:\Program Files\Amazon\AWSCLIV2\;C:\Program Files\Amazon\AWSCLIV2;C:\Go\bin;C:\ProgramData\chocolatey\bin;C:\Ruby26-x64\bin;C:\Users\Zupper\AppData\Local\Microsoft\WindowsApps;C:\Users\Zupper\AppData\Local\Programs\Microsoft VS Code\bin;C:\Users\Zupper\AppData\Roaming\npm;C:\Program Files\JetBrains\RubyMine 2020.1.3\bin;;C:\Users\Zupper\go\bin;C:\Users\Zupper\Desktop;
USERNAME=Zupper
OS=Windows_NT
PROCESSOR_IDENTIFIER=Intel64 Family 6 Model 142 Stepping 12, GenuineIntel



---------------  S Y S T E M  ---------------

OS: Windows 10.0 , 64 bit Build 18362 (10.0.18362.1082)

CPU:total 8 (initial active 8) (4 cores per cpu, 2 threads per core) family 6 model 142 stepping 12, cmov, cx8, fxsr, mmx, sse, sse2, sse3, ssse3, sse4.1, sse4.2, popcnt, avx, avx2, aes, clmul, erms, 3dnowpref, lzcnt, ht, tsc, tscinvbit, bmi1, bmi2, adx

Memory: 4k page, physical 16583368k(4813536k free), swap 25124248k(4456736k free)

vm_info: Java HotSpot(TM) 64-Bit Server VM (25.251-b08) for windows-amd64 JRE (1.8.0_251-b08), built on Mar 12 2020 06:31:49 by "" with MS VC++ 10.0 (VS2010)

time: Sun Oct 04 10:50:55 2020
timezone: Hora oficial do Brasil
elapsed time: 5139 seconds (0d 1h 25m 39s)

